<?xml version="1.0" encoding="UTF-8"?>
<!-- Generated by org.testng.reporters.JUnitXMLReporter -->
<testsuite hostname="LAPTOP-L69VF523" ignored="0" name="Default test" tests="3" failures="0" timestamp="2022-01-16T23:37:07 IST" time="25.281" errors="0">
  <testcase name="LoginAndVerify" time="9.647" classname="SeleniumAssignments.FrameHandling"/>
  <testcase name="Task1" time="2.654" classname="SeleniumAssignments.FrameHandling"/>
  <testcase name="Task2" time="10.316" classname="SeleniumAssignments.FrameHandling"/>
</testsuite> <!-- Default test -->
