<?xml version="1.0" encoding="UTF-8"?>
<testng-results skipped="0" failed="0" ignored="0" total="3" passed="3">
  <reporter-output>
  </reporter-output>
  <suite name="Default suite" duration-ms="25281" started-at="2022-01-16T23:36:42 IST" finished-at="2022-01-16T23:37:07 IST">
    <groups>
    </groups>
    <test name="Default test" duration-ms="25281" started-at="2022-01-16T23:36:42 IST" finished-at="2022-01-16T23:37:07 IST">
      <class name="SeleniumAssignments.FrameHandling">
        <test-method status="PASS" signature="beforeTest()[pri:0, instance:SeleniumAssignments.FrameHandling@2a556333]" name="beforeTest" is-config="true" duration-ms="2604" started-at="2022-01-16T23:36:42 IST" finished-at="2022-01-16T23:36:44 IST">
          <reporter-output>
          </reporter-output>
        </test-method> <!-- beforeTest -->
        <test-method status="PASS" signature="LoginAndVerify()[pri:0, instance:SeleniumAssignments.FrameHandling@2a556333]" name="LoginAndVerify" duration-ms="9647" started-at="2022-01-16T23:36:44 IST" finished-at="2022-01-16T23:36:54 IST">
          <reporter-output>
          </reporter-output>
        </test-method> <!-- LoginAndVerify -->
        <test-method status="PASS" signature="Task1()[pri:1, instance:SeleniumAssignments.FrameHandling@2a556333]" name="Task1" duration-ms="2654" started-at="2022-01-16T23:36:54 IST" finished-at="2022-01-16T23:36:57 IST">
          <reporter-output>
          </reporter-output>
        </test-method> <!-- Task1 -->
        <test-method status="PASS" signature="Task2()[pri:2, instance:SeleniumAssignments.FrameHandling@2a556333]" name="Task2" duration-ms="10316" started-at="2022-01-16T23:36:57 IST" finished-at="2022-01-16T23:37:07 IST">
          <reporter-output>
          </reporter-output>
        </test-method> <!-- Task2 -->
        <test-method status="PASS" signature="afterClass()[pri:0, instance:SeleniumAssignments.FrameHandling@2a556333]" name="afterClass" is-config="true" duration-ms="0" started-at="2022-01-16T23:37:07 IST" finished-at="2022-01-16T23:37:07 IST">
          <reporter-output>
          </reporter-output>
        </test-method> <!-- afterClass -->
      </class> <!-- SeleniumAssignments.FrameHandling -->
    </test> <!-- Default test -->
  </suite> <!-- Default suite -->
</testng-results>
