<?xml version="1.0" encoding="UTF-8"?>
<!-- Generated by org.testng.reporters.JUnitXMLReporter -->
<testsuite hostname="LAPTOP-L69VF523" ignored="0" name="Test" tests="11" failures="0" timestamp="2022-01-13T17:59:30 IST" time="108.344" errors="0">
  <testcase name="f" time="0.058" classname="TestNG.SampleTest1"/>
  <testcase name="afterTest" time="0.018" classname="TestNG.SampleTest1"/>
  <testcase name="startUp" time="16.709" classname="TestNG.NewTest01"/>
  <testcase name="LoginBrowser" time="0.395" classname="TestNG.NewTest01"/>
  <testcase name="createandverifytask" time="24.361" classname="TestNG.NewTest01"/>
  <testcase name="deleteAndVerifyTask" time="2.74" classname="TestNG.NewTest01"/>
  <testcase name="propertyfile" time="0.001" classname="TestNG.ActiTimeTask"/>
  <testcase name="openBrowserAndLogin" time="20.782" classname="TestNG.ActiTimeTask"/>
  <testcase name="createAndVerifyTask" time="29.892" classname="TestNG.ActiTimeTask"/>
  <testcase name="deleteAndVerifyTask" time="4.283" classname="TestNG.ActiTimeTask"/>
  <testcase name="logoutAndClose" time="4.76" classname="TestNG.ActiTimeTask"/>
</testsuite> <!-- Test -->
